2022-06-28 00:00:41.4600|0|DEBUG|DrinkShop.Web.Program|init main 
2022-06-28 00:00:43.5803|0|INFO|Microsoft.Hosting.Lifetime|Application started. Press Ctrl+C to shut down. 
2022-06-28 00:00:43.5803|0|INFO|Microsoft.Hosting.Lifetime|Hosting environment: Development 
2022-06-28 00:00:43.5905|0|INFO|Microsoft.Hosting.Lifetime|Content root path: C:\Users\Gjorge\Desktop\DrinkShopApplication\DrinkShop.Web 
2022-06-28 00:01:24.1004|0|DEBUG|DrinkShop.Web.Program|init main 
2022-06-28 00:01:26.1805|0|INFO|Microsoft.Hosting.Lifetime|Application started. Press Ctrl+C to shut down. 
2022-06-28 00:01:26.2051|0|INFO|Microsoft.Hosting.Lifetime|Hosting environment: Development 
2022-06-28 00:01:26.2051|0|INFO|Microsoft.Hosting.Lifetime|Content root path: C:\Users\Gjorge\Desktop\DrinkShopApplication\DrinkShop.Web 
2022-06-28 00:02:01.2830|0|DEBUG|DrinkShop.Web.Program|init main 
2022-06-28 00:02:03.1385|0|INFO|Microsoft.Hosting.Lifetime|Application started. Press Ctrl+C to shut down. 
2022-06-28 00:02:03.1385|0|INFO|Microsoft.Hosting.Lifetime|Hosting environment: Development 
2022-06-28 00:02:03.1385|0|INFO|Microsoft.Hosting.Lifetime|Content root path: C:\Users\Gjorge\Desktop\DrinkShopApplication\DrinkShop.Web 
2022-06-28 00:02:50.5204|0|DEBUG|DrinkShop.Web.Program|init main 
2022-06-28 00:02:52.4033|0|INFO|Microsoft.Hosting.Lifetime|Application started. Press Ctrl+C to shut down. 
2022-06-28 00:02:52.4033|0|INFO|Microsoft.Hosting.Lifetime|Hosting environment: Development 
2022-06-28 00:02:52.4033|0|INFO|Microsoft.Hosting.Lifetime|Content root path: C:\Users\Gjorge\Desktop\DrinkShopApplication\DrinkShop.Web 
2022-06-28 00:04:26.5230|0|DEBUG|DrinkShop.Web.Program|init main 
2022-06-28 00:04:28.2454|0|INFO|Microsoft.Hosting.Lifetime|Application started. Press Ctrl+C to shut down. 
2022-06-28 00:04:28.2454|0|INFO|Microsoft.Hosting.Lifetime|Hosting environment: Development 
2022-06-28 00:04:28.2454|0|INFO|Microsoft.Hosting.Lifetime|Content root path: C:\Users\Gjorge\Desktop\DrinkShopApplication\DrinkShop.Web 
2022-06-28 00:04:49.9126|0|DEBUG|DrinkShop.Web.Program|init main 
2022-06-28 00:04:51.9688|0|INFO|Microsoft.Hosting.Lifetime|Application started. Press Ctrl+C to shut down. 
2022-06-28 00:04:51.9688|0|INFO|Microsoft.Hosting.Lifetime|Hosting environment: Development 
2022-06-28 00:04:51.9688|0|INFO|Microsoft.Hosting.Lifetime|Content root path: C:\Users\Gjorge\Desktop\DrinkShopApplication\DrinkShop.Web 
2022-06-28 00:05:27.3398|0|DEBUG|DrinkShop.Web.Program|init main 
2022-06-28 00:05:29.3949|0|INFO|Microsoft.Hosting.Lifetime|Application started. Press Ctrl+C to shut down. 
2022-06-28 00:05:29.3949|0|INFO|Microsoft.Hosting.Lifetime|Hosting environment: Development 
2022-06-28 00:05:29.4034|0|INFO|Microsoft.Hosting.Lifetime|Content root path: C:\Users\Gjorge\Desktop\DrinkShopApplication\DrinkShop.Web 
2022-06-28 00:06:01.8827|0|DEBUG|DrinkShop.Web.Program|init main 
2022-06-28 00:06:04.3663|0|INFO|Microsoft.Hosting.Lifetime|Application started. Press Ctrl+C to shut down. 
2022-06-28 00:06:04.3663|0|INFO|Microsoft.Hosting.Lifetime|Hosting environment: Development 
2022-06-28 00:06:04.3832|0|INFO|Microsoft.Hosting.Lifetime|Content root path: C:\Users\Gjorge\Desktop\DrinkShopApplication\DrinkShop.Web 
2022-06-28 00:06:37.3407|0|DEBUG|DrinkShop.Web.Program|init main 
2022-06-28 00:06:39.1583|0|INFO|Microsoft.Hosting.Lifetime|Application started. Press Ctrl+C to shut down. 
2022-06-28 00:06:39.1583|0|INFO|Microsoft.Hosting.Lifetime|Hosting environment: Development 
2022-06-28 00:06:39.1670|0|INFO|Microsoft.Hosting.Lifetime|Content root path: C:\Users\Gjorge\Desktop\DrinkShopApplication\DrinkShop.Web 
2022-06-28 00:08:03.7431|0|DEBUG|DrinkShop.Web.Program|init main 
2022-06-28 00:08:06.5492|0|INFO|Microsoft.Hosting.Lifetime|Application started. Press Ctrl+C to shut down. 
2022-06-28 00:08:06.5492|0|INFO|Microsoft.Hosting.Lifetime|Hosting environment: Development 
2022-06-28 00:08:06.5589|0|INFO|Microsoft.Hosting.Lifetime|Content root path: C:\Users\Gjorge\Desktop\DrinkShopApplication\DrinkShop.Web 
2022-06-28 00:08:55.4752|0|DEBUG|DrinkShop.Web.Program|init main 
2022-06-28 00:08:57.0516|0|INFO|Microsoft.Hosting.Lifetime|Application started. Press Ctrl+C to shut down. 
2022-06-28 00:08:57.0516|0|INFO|Microsoft.Hosting.Lifetime|Hosting environment: Development 
2022-06-28 00:08:57.0620|0|INFO|Microsoft.Hosting.Lifetime|Content root path: C:\Users\Gjorge\Desktop\DrinkShopApplication\DrinkShop.Web 
2022-06-28 00:09:33.4477|0|DEBUG|DrinkShop.Web.Program|init main 
2022-06-28 00:09:35.0269|0|INFO|Microsoft.Hosting.Lifetime|Application started. Press Ctrl+C to shut down. 
2022-06-28 00:09:35.0269|0|INFO|Microsoft.Hosting.Lifetime|Hosting environment: Development 
2022-06-28 00:09:35.0269|0|INFO|Microsoft.Hosting.Lifetime|Content root path: C:\Users\Gjorge\Desktop\DrinkShopApplication\DrinkShop.Web 
2022-06-28 00:11:42.4555|0|DEBUG|DrinkShop.Web.Program|init main 
2022-06-28 00:11:44.8974|0|INFO|Microsoft.Hosting.Lifetime|Application started. Press Ctrl+C to shut down. 
2022-06-28 00:11:44.9004|0|INFO|Microsoft.Hosting.Lifetime|Hosting environment: Development 
2022-06-28 00:11:44.9004|0|INFO|Microsoft.Hosting.Lifetime|Content root path: C:\Users\Gjorge\Desktop\DrinkShopApplication\DrinkShop.Web 
2022-06-28 00:13:14.5788|0|DEBUG|DrinkShop.Web.Program|init main 
2022-06-28 00:13:16.5979|0|INFO|Microsoft.Hosting.Lifetime|Application started. Press Ctrl+C to shut down. 
2022-06-28 00:13:16.5979|0|INFO|Microsoft.Hosting.Lifetime|Hosting environment: Development 
2022-06-28 00:13:16.6058|0|INFO|Microsoft.Hosting.Lifetime|Content root path: C:\Users\Gjorge\Desktop\DrinkShopApplication\DrinkShop.Web 
2022-06-28 00:15:14.9637|0|DEBUG|DrinkShop.Web.Program|init main 
2022-06-28 00:15:16.9825|0|INFO|Microsoft.Hosting.Lifetime|Application started. Press Ctrl+C to shut down. 
2022-06-28 00:15:16.9825|0|INFO|Microsoft.Hosting.Lifetime|Hosting environment: Development 
2022-06-28 00:15:16.9825|0|INFO|Microsoft.Hosting.Lifetime|Content root path: C:\Users\Gjorge\Desktop\DrinkShopApplication\DrinkShop.Web 
2022-06-28 00:16:42.3977|0|DEBUG|DrinkShop.Web.Program|init main 
2022-06-28 00:16:43.9652|0|INFO|Microsoft.Hosting.Lifetime|Application started. Press Ctrl+C to shut down. 
2022-06-28 00:16:43.9751|0|INFO|Microsoft.Hosting.Lifetime|Hosting environment: Development 
2022-06-28 00:16:43.9805|0|INFO|Microsoft.Hosting.Lifetime|Content root path: C:\Users\Gjorge\Desktop\DrinkShopApplication\DrinkShop.Web 
2022-06-28 00:17:12.2949|0|DEBUG|DrinkShop.Web.Program|init main 
2022-06-28 00:17:14.3428|0|INFO|Microsoft.Hosting.Lifetime|Application started. Press Ctrl+C to shut down. 
2022-06-28 00:17:14.3428|0|INFO|Microsoft.Hosting.Lifetime|Hosting environment: Development 
2022-06-28 00:17:14.3428|0|INFO|Microsoft.Hosting.Lifetime|Content root path: C:\Users\Gjorge\Desktop\DrinkShopApplication\DrinkShop.Web 
2022-06-28 00:17:56.0671|0|DEBUG|DrinkShop.Web.Program|init main 
2022-06-28 00:17:57.9548|0|INFO|Microsoft.Hosting.Lifetime|Application started. Press Ctrl+C to shut down. 
2022-06-28 00:17:57.9548|0|INFO|Microsoft.Hosting.Lifetime|Hosting environment: Development 
2022-06-28 00:17:57.9548|0|INFO|Microsoft.Hosting.Lifetime|Content root path: C:\Users\Gjorge\Desktop\DrinkShopApplication\DrinkShop.Web 
2022-06-28 00:19:10.8029|0|DEBUG|DrinkShop.Web.Program|init main 
2022-06-28 00:19:14.7043|0|INFO|Microsoft.Hosting.Lifetime|Application started. Press Ctrl+C to shut down. 
2022-06-28 00:19:14.7043|0|INFO|Microsoft.Hosting.Lifetime|Hosting environment: Development 
2022-06-28 00:19:14.7349|0|INFO|Microsoft.Hosting.Lifetime|Content root path: C:\Users\Gjorge\Desktop\DrinkShopApplication\DrinkShop.Web 
2022-06-28 00:20:13.8167|0|DEBUG|DrinkShop.Web.Program|init main 
2022-06-28 00:20:15.6070|0|INFO|Microsoft.Hosting.Lifetime|Application started. Press Ctrl+C to shut down. 
2022-06-28 00:20:15.6070|0|INFO|Microsoft.Hosting.Lifetime|Hosting environment: Development 
2022-06-28 00:20:15.6164|0|INFO|Microsoft.Hosting.Lifetime|Content root path: C:\Users\Gjorge\Desktop\DrinkShopApplication\DrinkShop.Web 
2022-06-28 00:21:05.8739|0|DEBUG|DrinkShop.Web.Program|init main 
2022-06-28 00:21:09.0240|0|INFO|Microsoft.Hosting.Lifetime|Application started. Press Ctrl+C to shut down. 
2022-06-28 00:21:09.0240|0|INFO|Microsoft.Hosting.Lifetime|Hosting environment: Development 
2022-06-28 00:21:09.0240|0|INFO|Microsoft.Hosting.Lifetime|Content root path: C:\Users\Gjorge\Desktop\DrinkShopApplication\DrinkShop.Web 
2022-06-28 00:22:02.2992|0|INFO|DrinkShop.Services.Implementation.ProductService|Product was successfuly added into Shopping Cart 
2022-06-28 00:22:06.2929|0|INFO|DrinkShop.Services.Implementation.ProductService|Product was successfuly added into Shopping Cart 
2022-06-28 00:22:09.4448|0|INFO|DrinkShop.Services.Implementation.ProductService|Product was successfuly added into Shopping Cart 
2022-06-28 00:22:19.6420|0|INFO|DrinkShop.Services.Implementation.ProductService|Product was successfuly added into Shopping Cart 
2022-06-28 00:22:23.3138|0|INFO|DrinkShop.Services.Implementation.ProductService|Product was successfuly added into Shopping Cart 
2022-06-28 00:25:00.3162|0|DEBUG|DrinkShop.Web.Program|init main 
2022-06-28 00:25:02.3298|0|INFO|Microsoft.Hosting.Lifetime|Application started. Press Ctrl+C to shut down. 
2022-06-28 00:25:02.3548|0|INFO|Microsoft.Hosting.Lifetime|Hosting environment: Development 
2022-06-28 00:25:02.3595|0|INFO|Microsoft.Hosting.Lifetime|Content root path: C:\Users\Gjorge\Desktop\DrinkShopApplication\DrinkShop.Web 
2022-06-28 00:25:35.5564|0|DEBUG|DrinkShop.Web.Program|init main 
2022-06-28 00:25:38.8318|0|INFO|Microsoft.Hosting.Lifetime|Application started. Press Ctrl+C to shut down. 
2022-06-28 00:25:38.8318|0|INFO|Microsoft.Hosting.Lifetime|Hosting environment: Development 
2022-06-28 00:25:38.8420|0|INFO|Microsoft.Hosting.Lifetime|Content root path: C:\Users\Gjorge\Desktop\DrinkShopApplication\DrinkShop.Web 
2022-06-28 00:26:15.3673|0|DEBUG|DrinkShop.Web.Program|init main 
2022-06-28 00:26:17.4184|0|INFO|Microsoft.Hosting.Lifetime|Application started. Press Ctrl+C to shut down. 
2022-06-28 00:26:17.4184|0|INFO|Microsoft.Hosting.Lifetime|Hosting environment: Development 
2022-06-28 00:26:17.4184|0|INFO|Microsoft.Hosting.Lifetime|Content root path: C:\Users\Gjorge\Desktop\DrinkShopApplication\DrinkShop.Web 
2022-06-28 00:27:18.1860|0|DEBUG|DrinkShop.Web.Program|init main 
2022-06-28 00:27:20.1725|0|INFO|Microsoft.Hosting.Lifetime|Application started. Press Ctrl+C to shut down. 
2022-06-28 00:27:20.1725|0|INFO|Microsoft.Hosting.Lifetime|Hosting environment: Development 
2022-06-28 00:27:20.1839|0|INFO|Microsoft.Hosting.Lifetime|Content root path: C:\Users\Gjorge\Desktop\DrinkShopApplication\DrinkShop.Web 
2022-06-28 00:27:52.8056|0|DEBUG|DrinkShop.Web.Program|init main 
2022-06-28 00:27:54.8889|0|INFO|Microsoft.Hosting.Lifetime|Application started. Press Ctrl+C to shut down. 
2022-06-28 00:27:54.8889|0|INFO|Microsoft.Hosting.Lifetime|Hosting environment: Development 
2022-06-28 00:27:54.8995|0|INFO|Microsoft.Hosting.Lifetime|Content root path: C:\Users\Gjorge\Desktop\DrinkShopApplication\DrinkShop.Web 
2022-06-28 00:28:51.1563|0|DEBUG|DrinkShop.Web.Program|init main 
2022-06-28 00:28:55.6694|0|INFO|Microsoft.Hosting.Lifetime|Application started. Press Ctrl+C to shut down. 
2022-06-28 00:28:55.6694|0|INFO|Microsoft.Hosting.Lifetime|Hosting environment: Development 
2022-06-28 00:28:55.6845|0|INFO|Microsoft.Hosting.Lifetime|Content root path: C:\Users\Gjorge\Desktop\DrinkShopApplication\DrinkShop.Web 
2022-06-28 00:30:49.4928|0|DEBUG|DrinkShop.Web.Program|init main 
2022-06-28 00:30:51.7826|0|INFO|Microsoft.Hosting.Lifetime|Application started. Press Ctrl+C to shut down. 
2022-06-28 00:30:51.7826|0|INFO|Microsoft.Hosting.Lifetime|Hosting environment: Development 
2022-06-28 00:30:51.7826|0|INFO|Microsoft.Hosting.Lifetime|Content root path: C:\Users\Gjorge\Desktop\DrinkShopApplication\DrinkShop.Web 
2022-06-28 00:32:18.5235|0|DEBUG|DrinkShop.Web.Program|init main 
2022-06-28 00:32:23.5439|0|INFO|Microsoft.Hosting.Lifetime|Application started. Press Ctrl+C to shut down. 
2022-06-28 00:32:23.5680|0|INFO|Microsoft.Hosting.Lifetime|Hosting environment: Development 
2022-06-28 00:32:23.5733|0|INFO|Microsoft.Hosting.Lifetime|Content root path: C:\Users\Gjorge\Desktop\DrinkShopApplication\DrinkShop.Web 
2022-06-28 00:33:30.1480|0|DEBUG|DrinkShop.Web.Program|init main 
2022-06-28 00:33:33.0048|0|INFO|Microsoft.Hosting.Lifetime|Application started. Press Ctrl+C to shut down. 
2022-06-28 00:33:33.0048|0|INFO|Microsoft.Hosting.Lifetime|Hosting environment: Development 
2022-06-28 00:33:33.0115|0|INFO|Microsoft.Hosting.Lifetime|Content root path: C:\Users\Gjorge\Desktop\DrinkShopApplication\DrinkShop.Web 
2022-06-28 00:35:20.5216|0|DEBUG|DrinkShop.Web.Program|init main 
2022-06-28 00:35:23.9274|0|INFO|Microsoft.Hosting.Lifetime|Application started. Press Ctrl+C to shut down. 
2022-06-28 00:35:23.9315|0|INFO|Microsoft.Hosting.Lifetime|Hosting environment: Development 
2022-06-28 00:35:23.9315|0|INFO|Microsoft.Hosting.Lifetime|Content root path: C:\Users\Gjorge\Desktop\DrinkShopApplication\DrinkShop.Web 
2022-06-28 00:35:39.4739|0|INFO|DrinkShop.Services.Implementation.ProductService|Product was successfuly added into Shopping Cart 
2022-06-28 00:37:21.8773|0|DEBUG|DrinkShop.Web.Program|init main 
2022-06-28 00:37:26.0371|0|INFO|Microsoft.Hosting.Lifetime|Application started. Press Ctrl+C to shut down. 
2022-06-28 00:37:26.0417|0|INFO|Microsoft.Hosting.Lifetime|Hosting environment: Development 
2022-06-28 00:37:26.0609|0|INFO|Microsoft.Hosting.Lifetime|Content root path: C:\Users\Gjorge\Desktop\DrinkShopApplication\DrinkShop.Web 
2022-06-28 00:38:24.5786|0|DEBUG|DrinkShop.Web.Program|init main 
2022-06-28 00:38:26.7844|0|INFO|Microsoft.Hosting.Lifetime|Application started. Press Ctrl+C to shut down. 
2022-06-28 00:38:26.7844|0|INFO|Microsoft.Hosting.Lifetime|Hosting environment: Development 
2022-06-28 00:38:26.7986|0|INFO|Microsoft.Hosting.Lifetime|Content root path: C:\Users\Gjorge\Desktop\DrinkShopApplication\DrinkShop.Web 
2022-06-28 00:39:29.3655|0|DEBUG|DrinkShop.Web.Program|init main 
2022-06-28 00:39:31.9699|0|INFO|Microsoft.Hosting.Lifetime|Application started. Press Ctrl+C to shut down. 
2022-06-28 00:39:31.9699|0|INFO|Microsoft.Hosting.Lifetime|Hosting environment: Development 
2022-06-28 00:39:31.9699|0|INFO|Microsoft.Hosting.Lifetime|Content root path: C:\Users\Gjorge\Desktop\DrinkShopApplication\DrinkShop.Web 
2022-06-28 00:41:26.6955|0|DEBUG|DrinkShop.Web.Program|init main 
2022-06-28 00:41:31.4442|0|INFO|Microsoft.Hosting.Lifetime|Application started. Press Ctrl+C to shut down. 
2022-06-28 00:41:31.4550|0|INFO|Microsoft.Hosting.Lifetime|Hosting environment: Development 
2022-06-28 00:41:31.4754|0|INFO|Microsoft.Hosting.Lifetime|Content root path: C:\Users\Gjorge\Desktop\DrinkShopApplication\DrinkShop.Web 
2022-06-28 00:44:18.0619|0|DEBUG|DrinkShop.Web.Program|init main 
2022-06-28 00:44:19.9314|0|INFO|Microsoft.Hosting.Lifetime|Application started. Press Ctrl+C to shut down. 
2022-06-28 00:44:19.9314|0|INFO|Microsoft.Hosting.Lifetime|Hosting environment: Development 
2022-06-28 00:44:19.9314|0|INFO|Microsoft.Hosting.Lifetime|Content root path: C:\Users\Gjorge\Desktop\DrinkShopApplication\DrinkShop.Web 
2022-06-28 00:48:26.3127|0|DEBUG|DrinkShop.Web.Program|init main 
2022-06-28 00:48:33.1121|0|INFO|Microsoft.Hosting.Lifetime|Application started. Press Ctrl+C to shut down. 
2022-06-28 00:48:33.1121|0|INFO|Microsoft.Hosting.Lifetime|Hosting environment: Development 
2022-06-28 00:48:33.1225|0|INFO|Microsoft.Hosting.Lifetime|Content root path: C:\Users\Gjorge\Desktop\DrinkShopApplication\DrinkShop.Web 
2022-06-28 00:53:42.7037|0|DEBUG|DrinkShop.Web.Program|init main 
2022-06-28 00:53:44.7598|0|INFO|Microsoft.Hosting.Lifetime|Application started. Press Ctrl+C to shut down. 
2022-06-28 00:53:44.7598|0|INFO|Microsoft.Hosting.Lifetime|Hosting environment: Development 
2022-06-28 00:53:44.7598|0|INFO|Microsoft.Hosting.Lifetime|Content root path: C:\Users\Gjorge\Desktop\DrinkShopApplication\DrinkShop.Web 
2022-06-28 00:54:13.4398|0|DEBUG|DrinkShop.Web.Program|init main 
2022-06-28 00:54:15.5243|0|INFO|Microsoft.Hosting.Lifetime|Application started. Press Ctrl+C to shut down. 
2022-06-28 00:54:15.5261|0|INFO|Microsoft.Hosting.Lifetime|Hosting environment: Development 
2022-06-28 00:54:15.5261|0|INFO|Microsoft.Hosting.Lifetime|Content root path: C:\Users\Gjorge\Desktop\DrinkShopApplication\DrinkShop.Web 
2022-06-28 00:54:47.6449|0|DEBUG|DrinkShop.Web.Program|init main 
2022-06-28 00:54:51.3465|0|INFO|Microsoft.Hosting.Lifetime|Application started. Press Ctrl+C to shut down. 
2022-06-28 00:54:51.3737|0|INFO|Microsoft.Hosting.Lifetime|Hosting environment: Development 
2022-06-28 00:54:51.3737|0|INFO|Microsoft.Hosting.Lifetime|Content root path: C:\Users\Gjorge\Desktop\DrinkShopApplication\DrinkShop.Web 
2022-06-28 00:56:11.8501|0|DEBUG|DrinkShop.Web.Program|init main 
2022-06-28 00:56:13.8421|0|INFO|Microsoft.Hosting.Lifetime|Application started. Press Ctrl+C to shut down. 
2022-06-28 00:56:13.8421|0|INFO|Microsoft.Hosting.Lifetime|Hosting environment: Development 
2022-06-28 00:56:13.8421|0|INFO|Microsoft.Hosting.Lifetime|Content root path: C:\Users\Gjorge\Desktop\DrinkShopApplication\DrinkShop.Web 
2022-06-28 00:57:10.9402|0|DEBUG|DrinkShop.Web.Program|init main 
2022-06-28 00:57:12.4732|0|INFO|Microsoft.Hosting.Lifetime|Application started. Press Ctrl+C to shut down. 
2022-06-28 00:57:12.4732|0|INFO|Microsoft.Hosting.Lifetime|Hosting environment: Development 
2022-06-28 00:57:12.4828|0|INFO|Microsoft.Hosting.Lifetime|Content root path: C:\Users\Gjorge\Desktop\DrinkShopApplication\DrinkShop.Web 
2022-06-28 00:58:23.4783|0|DEBUG|DrinkShop.Web.Program|init main 
2022-06-28 00:58:25.1607|0|INFO|Microsoft.Hosting.Lifetime|Application started. Press Ctrl+C to shut down. 
2022-06-28 00:58:25.1607|0|INFO|Microsoft.Hosting.Lifetime|Hosting environment: Development 
2022-06-28 00:58:25.1670|0|INFO|Microsoft.Hosting.Lifetime|Content root path: C:\Users\Gjorge\Desktop\DrinkShopApplication\DrinkShop.Web 
2022-06-28 00:59:05.2582|0|DEBUG|DrinkShop.Web.Program|init main 
2022-06-28 00:59:07.6281|0|INFO|Microsoft.Hosting.Lifetime|Application started. Press Ctrl+C to shut down. 
2022-06-28 00:59:07.6281|0|INFO|Microsoft.Hosting.Lifetime|Hosting environment: Development 
2022-06-28 00:59:07.6401|0|INFO|Microsoft.Hosting.Lifetime|Content root path: C:\Users\Gjorge\Desktop\DrinkShopApplication\DrinkShop.Web 
2022-06-28 00:59:36.9822|0|DEBUG|DrinkShop.Web.Program|init main 
2022-06-28 00:59:38.9732|0|INFO|Microsoft.Hosting.Lifetime|Application started. Press Ctrl+C to shut down. 
2022-06-28 00:59:38.9732|0|INFO|Microsoft.Hosting.Lifetime|Hosting environment: Development 
2022-06-28 00:59:38.9807|0|INFO|Microsoft.Hosting.Lifetime|Content root path: C:\Users\Gjorge\Desktop\DrinkShopApplication\DrinkShop.Web 
2022-06-28 01:00:09.9493|0|DEBUG|DrinkShop.Web.Program|init main 
2022-06-28 01:00:13.0965|0|INFO|Microsoft.Hosting.Lifetime|Application started. Press Ctrl+C to shut down. 
2022-06-28 01:00:13.0965|0|INFO|Microsoft.Hosting.Lifetime|Hosting environment: Development 
2022-06-28 01:00:13.1082|0|INFO|Microsoft.Hosting.Lifetime|Content root path: C:\Users\Gjorge\Desktop\DrinkShopApplication\DrinkShop.Web 
2022-06-28 01:01:02.2589|0|DEBUG|DrinkShop.Web.Program|init main 
2022-06-28 01:01:04.8356|0|INFO|Microsoft.Hosting.Lifetime|Application started. Press Ctrl+C to shut down. 
2022-06-28 01:01:05.3428|0|INFO|Microsoft.Hosting.Lifetime|Hosting environment: Development 
2022-06-28 01:01:05.5656|0|INFO|Microsoft.Hosting.Lifetime|Content root path: C:\Users\Gjorge\Desktop\DrinkShopApplication\DrinkShop.Web 
2022-06-28 01:02:04.7623|0|DEBUG|DrinkShop.Web.Program|init main 
2022-06-28 01:02:06.9852|0|INFO|Microsoft.Hosting.Lifetime|Application started. Press Ctrl+C to shut down. 
2022-06-28 01:02:06.9852|0|INFO|Microsoft.Hosting.Lifetime|Hosting environment: Development 
2022-06-28 01:02:06.9939|0|INFO|Microsoft.Hosting.Lifetime|Content root path: C:\Users\Gjorge\Desktop\DrinkShopApplication\DrinkShop.Web 
2022-06-28 01:02:36.0662|0|DEBUG|DrinkShop.Web.Program|init main 
2022-06-28 01:02:37.5985|0|INFO|Microsoft.Hosting.Lifetime|Application started. Press Ctrl+C to shut down. 
2022-06-28 01:02:37.5985|0|INFO|Microsoft.Hosting.Lifetime|Hosting environment: Development 
2022-06-28 01:02:37.6054|0|INFO|Microsoft.Hosting.Lifetime|Content root path: C:\Users\Gjorge\Desktop\DrinkShopApplication\DrinkShop.Web 
2022-06-28 01:03:29.2655|0|DEBUG|DrinkShop.Web.Program|init main 
2022-06-28 01:03:31.4858|0|INFO|Microsoft.Hosting.Lifetime|Application started. Press Ctrl+C to shut down. 
2022-06-28 01:03:31.5109|0|INFO|Microsoft.Hosting.Lifetime|Hosting environment: Development 
2022-06-28 01:03:31.5109|0|INFO|Microsoft.Hosting.Lifetime|Content root path: C:\Users\Gjorge\Desktop\DrinkShopApplication\DrinkShop.Web 
2022-06-28 01:04:26.9901|0|DEBUG|DrinkShop.Web.Program|init main 
2022-06-28 01:04:29.0597|0|INFO|Microsoft.Hosting.Lifetime|Application started. Press Ctrl+C to shut down. 
2022-06-28 01:04:29.0597|0|INFO|Microsoft.Hosting.Lifetime|Hosting environment: Development 
2022-06-28 01:04:29.0597|0|INFO|Microsoft.Hosting.Lifetime|Content root path: C:\Users\Gjorge\Desktop\DrinkShopApplication\DrinkShop.Web 
2022-06-28 01:05:52.0500|0|DEBUG|DrinkShop.Web.Program|init main 
2022-06-28 01:05:54.2558|0|INFO|Microsoft.Hosting.Lifetime|Application started. Press Ctrl+C to shut down. 
2022-06-28 01:05:54.2558|0|INFO|Microsoft.Hosting.Lifetime|Hosting environment: Development 
2022-06-28 01:05:54.2645|0|INFO|Microsoft.Hosting.Lifetime|Content root path: C:\Users\Gjorge\Desktop\DrinkShopApplication\DrinkShop.Web 
2022-06-28 01:06:41.1816|0|DEBUG|DrinkShop.Web.Program|init main 
2022-06-28 01:06:43.4688|0|INFO|Microsoft.Hosting.Lifetime|Application started. Press Ctrl+C to shut down. 
2022-06-28 01:06:43.4688|0|INFO|Microsoft.Hosting.Lifetime|Hosting environment: Development 
2022-06-28 01:06:43.4688|0|INFO|Microsoft.Hosting.Lifetime|Content root path: C:\Users\Gjorge\Desktop\DrinkShopApplication\DrinkShop.Web 
2022-06-28 01:08:06.8822|0|DEBUG|DrinkShop.Web.Program|init main 
2022-06-28 01:08:09.0434|0|INFO|Microsoft.Hosting.Lifetime|Application started. Press Ctrl+C to shut down. 
2022-06-28 01:08:09.0434|0|INFO|Microsoft.Hosting.Lifetime|Hosting environment: Development 
2022-06-28 01:08:09.0434|0|INFO|Microsoft.Hosting.Lifetime|Content root path: C:\Users\Gjorge\Desktop\DrinkShopApplication\DrinkShop.Web 
2022-06-28 01:08:44.4676|0|WARN|Microsoft.AspNetCore.Identity.UserManager|Invalid password for user 83ae2a21-de18-4ea5-b7b0-1c2db5fe9cca. 
2022-06-28 01:08:44.4676|0|WARN|Microsoft.AspNetCore.Identity.UserManager|Invalid password for user 83ae2a21-de18-4ea5-b7b0-1c2db5fe9cca. 
2022-06-28 08:40:30.9563|0|DEBUG|DrinkShop.Web.Program|init main 
2022-06-28 08:40:34.5619|0|INFO|Microsoft.Hosting.Lifetime|Application started. Press Ctrl+C to shut down. 
2022-06-28 08:40:34.5792|0|INFO|Microsoft.Hosting.Lifetime|Hosting environment: Development 
2022-06-28 08:40:34.5893|0|INFO|Microsoft.Hosting.Lifetime|Content root path: C:\Users\Gjorge\Desktop\DrinkShopApplication\DrinkShop.Web 
2022-06-28 08:42:13.4685|0|DEBUG|DrinkShop.Web.Program|init main 
2022-06-28 08:42:15.6719|0|INFO|Microsoft.Hosting.Lifetime|Application started. Press Ctrl+C to shut down. 
2022-06-28 08:42:15.6719|0|INFO|Microsoft.Hosting.Lifetime|Hosting environment: Development 
2022-06-28 08:42:15.6847|0|INFO|Microsoft.Hosting.Lifetime|Content root path: C:\Users\Gjorge\Desktop\DrinkShopApplication\DrinkShop.Web 
2022-06-28 08:44:58.2596|0|DEBUG|DrinkShop.Web.Program|init main 
2022-06-28 08:45:01.5589|0|INFO|Microsoft.Hosting.Lifetime|Application started. Press Ctrl+C to shut down. 
2022-06-28 08:45:01.5589|0|INFO|Microsoft.Hosting.Lifetime|Hosting environment: Development 
2022-06-28 08:45:01.5589|0|INFO|Microsoft.Hosting.Lifetime|Content root path: C:\Users\Gjorge\Desktop\DrinkShopApplication\DrinkShop.Web 
2022-06-28 08:49:14.5224|0|DEBUG|DrinkShop.Web.Program|init main 
2022-06-28 08:49:23.0470|0|INFO|Microsoft.Hosting.Lifetime|Application started. Press Ctrl+C to shut down. 
2022-06-28 08:49:23.0470|0|INFO|Microsoft.Hosting.Lifetime|Hosting environment: Development 
2022-06-28 08:49:23.0603|0|INFO|Microsoft.Hosting.Lifetime|Content root path: C:\Users\Gjorge\Desktop\DrinkShopApplication\DrinkShop.Web 
2022-06-28 08:50:45.5436|0|DEBUG|DrinkShop.Web.Program|init main 
2022-06-28 08:50:48.3781|0|INFO|Microsoft.Hosting.Lifetime|Application started. Press Ctrl+C to shut down. 
2022-06-28 08:50:48.3781|0|INFO|Microsoft.Hosting.Lifetime|Hosting environment: Development 
2022-06-28 08:50:48.3886|0|INFO|Microsoft.Hosting.Lifetime|Content root path: C:\Users\Gjorge\Desktop\DrinkShopApplication\DrinkShop.Web 
2022-06-28 08:51:18.1650|0|DEBUG|DrinkShop.Web.Program|init main 
2022-06-28 08:51:20.0919|0|INFO|Microsoft.Hosting.Lifetime|Application started. Press Ctrl+C to shut down. 
2022-06-28 08:51:20.0919|0|INFO|Microsoft.Hosting.Lifetime|Hosting environment: Development 
2022-06-28 08:51:20.0919|0|INFO|Microsoft.Hosting.Lifetime|Content root path: C:\Users\Gjorge\Desktop\DrinkShopApplication\DrinkShop.Web 
2022-06-28 14:38:35.8570|0|DEBUG|DrinkShop.Web.Program|init main 
2022-06-28 14:38:41.2434|0|INFO|Microsoft.Hosting.Lifetime|Application started. Press Ctrl+C to shut down. 
2022-06-28 14:38:41.2517|0|INFO|Microsoft.Hosting.Lifetime|Hosting environment: Development 
2022-06-28 14:38:41.2517|0|INFO|Microsoft.Hosting.Lifetime|Content root path: C:\Users\Gjorge\Desktop\DrinkShopApplication\DrinkShop.Web 
2022-06-28 17:54:01.2986|0|DEBUG|DrinkShop.Web.Program|init main 
2022-06-28 17:54:22.3203|0|INFO|Microsoft.Hosting.Lifetime|Application started. Press Ctrl+C to shut down. 
2022-06-28 17:54:22.3320|0|INFO|Microsoft.Hosting.Lifetime|Hosting environment: Development 
2022-06-28 17:54:22.3420|0|INFO|Microsoft.Hosting.Lifetime|Content root path: C:\Users\Gjorge\Desktop\DrinkShopApplication\DrinkShop.Web 
2022-06-28 18:34:45.0869|0|DEBUG|DrinkShop.Web.Program|init main 
2022-06-28 18:34:53.5646|0|INFO|Microsoft.Hosting.Lifetime|Application started. Press Ctrl+C to shut down. 
2022-06-28 18:34:53.5646|0|INFO|Microsoft.Hosting.Lifetime|Hosting environment: Development 
2022-06-28 18:34:53.5776|0|INFO|Microsoft.Hosting.Lifetime|Content root path: C:\Users\Gjorge\Desktop\DrinkShopApplication\DrinkShop.Web 
2022-06-28 19:04:04.4452|0|DEBUG|DrinkShop.Web.Program|init main 
2022-06-28 19:04:06.2254|0|INFO|Microsoft.Hosting.Lifetime|Application started. Press Ctrl+C to shut down. 
2022-06-28 19:04:06.2294|0|INFO|Microsoft.Hosting.Lifetime|Hosting environment: Development 
2022-06-28 19:04:06.2294|0|INFO|Microsoft.Hosting.Lifetime|Content root path: C:\Users\Gjorge\Desktop\DrinkShopApplication\DrinkShop.Web 
2022-06-28 19:24:29.8355|0|DEBUG|DrinkShop.Web.Program|init main 
2022-06-28 19:24:31.9941|0|INFO|Microsoft.Hosting.Lifetime|Application started. Press Ctrl+C to shut down. 
2022-06-28 19:24:32.0166|0|INFO|Microsoft.Hosting.Lifetime|Hosting environment: Development 
2022-06-28 19:24:32.0360|0|INFO|Microsoft.Hosting.Lifetime|Content root path: C:\Users\Gjorge\Desktop\DrinkShopApplication\DrinkShop.Web 
2022-06-28 19:32:44.6536|0|DEBUG|DrinkShop.Web.Program|init main 
2022-06-28 19:32:46.2650|0|INFO|Microsoft.Hosting.Lifetime|Application started. Press Ctrl+C to shut down. 
2022-06-28 19:32:46.2650|0|INFO|Microsoft.Hosting.Lifetime|Hosting environment: Development 
2022-06-28 19:32:46.2650|0|INFO|Microsoft.Hosting.Lifetime|Content root path: C:\Users\Gjorge\Desktop\DrinkShopApplication\DrinkShop.Web 
2022-06-28 19:33:35.6064|0|DEBUG|DrinkShop.Web.Program|init main 
2022-06-28 19:33:39.0228|0|INFO|Microsoft.Hosting.Lifetime|Application started. Press Ctrl+C to shut down. 
2022-06-28 19:33:39.0228|0|INFO|Microsoft.Hosting.Lifetime|Hosting environment: Development 
2022-06-28 19:33:39.0228|0|INFO|Microsoft.Hosting.Lifetime|Content root path: C:\Users\Gjorge\Desktop\DrinkShopApplication\DrinkShop.Web 
2022-06-28 19:35:39.8588|0|DEBUG|DrinkShop.Web.Program|init main 
2022-06-28 19:35:41.9894|0|INFO|Microsoft.Hosting.Lifetime|Application started. Press Ctrl+C to shut down. 
2022-06-28 19:35:41.9894|0|INFO|Microsoft.Hosting.Lifetime|Hosting environment: Development 
2022-06-28 19:35:42.0005|0|INFO|Microsoft.Hosting.Lifetime|Content root path: C:\Users\Gjorge\Desktop\DrinkShopApplication\DrinkShop.Web 
2022-06-28 19:42:07.9725|0|DEBUG|DrinkShop.Web.Program|init main 
2022-06-28 19:42:10.7893|0|INFO|Microsoft.Hosting.Lifetime|Application started. Press Ctrl+C to shut down. 
2022-06-28 19:42:10.7893|0|INFO|Microsoft.Hosting.Lifetime|Hosting environment: Development 
2022-06-28 19:42:10.7893|0|INFO|Microsoft.Hosting.Lifetime|Content root path: C:\Users\Gjorge\Desktop\DrinkShopApplication\DrinkShop.Web 
2022-06-28 19:47:48.0542|0|DEBUG|DrinkShop.Web.Program|init main 
2022-06-28 19:47:50.4813|0|INFO|Microsoft.Hosting.Lifetime|Application started. Press Ctrl+C to shut down. 
2022-06-28 19:47:50.4813|0|INFO|Microsoft.Hosting.Lifetime|Hosting environment: Development 
2022-06-28 19:47:50.4813|0|INFO|Microsoft.Hosting.Lifetime|Content root path: C:\Users\Gjorge\Desktop\DrinkShopApplication\DrinkShop.Web 
2022-06-28 19:48:49.6695|0|DEBUG|DrinkShop.Web.Program|init main 
2022-06-28 19:48:51.6040|0|INFO|Microsoft.Hosting.Lifetime|Application started. Press Ctrl+C to shut down. 
2022-06-28 19:48:51.6040|0|INFO|Microsoft.Hosting.Lifetime|Hosting environment: Development 
2022-06-28 19:48:51.6040|0|INFO|Microsoft.Hosting.Lifetime|Content root path: C:\Users\Gjorge\Desktop\DrinkShopApplication\DrinkShop.Web 
2022-06-28 19:49:24.2050|0|DEBUG|DrinkShop.Web.Program|init main 
2022-06-28 19:49:26.6731|0|INFO|Microsoft.Hosting.Lifetime|Application started. Press Ctrl+C to shut down. 
2022-06-28 19:49:26.6731|0|INFO|Microsoft.Hosting.Lifetime|Hosting environment: Development 
2022-06-28 19:49:26.6821|0|INFO|Microsoft.Hosting.Lifetime|Content root path: C:\Users\Gjorge\Desktop\DrinkShopApplication\DrinkShop.Web 
2022-06-28 19:49:56.1313|0|DEBUG|DrinkShop.Web.Program|init main 
2022-06-28 19:49:58.0751|0|INFO|Microsoft.Hosting.Lifetime|Application started. Press Ctrl+C to shut down. 
2022-06-28 19:49:58.0751|0|INFO|Microsoft.Hosting.Lifetime|Hosting environment: Development 
2022-06-28 19:49:58.0819|0|INFO|Microsoft.Hosting.Lifetime|Content root path: C:\Users\Gjorge\Desktop\DrinkShopApplication\DrinkShop.Web 
2022-06-28 19:50:04.6247|0|INFO|DrinkShop.Services.Implementation.ProductService|Product was successfuly added into Shopping Cart 
2022-06-28 19:50:37.9928|0|DEBUG|DrinkShop.Web.Program|init main 
2022-06-28 19:50:39.7695|0|INFO|Microsoft.Hosting.Lifetime|Application started. Press Ctrl+C to shut down. 
2022-06-28 19:50:39.7695|0|INFO|Microsoft.Hosting.Lifetime|Hosting environment: Development 
2022-06-28 19:50:39.7768|0|INFO|Microsoft.Hosting.Lifetime|Content root path: C:\Users\Gjorge\Desktop\DrinkShopApplication\DrinkShop.Web 
2022-06-28 19:53:57.5256|0|DEBUG|DrinkShop.Web.Program|init main 
2022-06-28 19:53:59.2206|0|INFO|Microsoft.Hosting.Lifetime|Application started. Press Ctrl+C to shut down. 
2022-06-28 19:53:59.2206|0|INFO|Microsoft.Hosting.Lifetime|Hosting environment: Development 
2022-06-28 19:53:59.2278|0|INFO|Microsoft.Hosting.Lifetime|Content root path: C:\Users\Gjorge\Desktop\DrinkShopApplication\DrinkShop.Web 
2022-06-28 19:55:55.5326|0|DEBUG|DrinkShop.Web.Program|init main 
2022-06-28 19:55:57.1808|0|INFO|Microsoft.Hosting.Lifetime|Application started. Press Ctrl+C to shut down. 
2022-06-28 19:55:57.1808|0|INFO|Microsoft.Hosting.Lifetime|Hosting environment: Development 
2022-06-28 19:55:57.1863|0|INFO|Microsoft.Hosting.Lifetime|Content root path: C:\Users\Gjorge\Desktop\DrinkShopApplication\DrinkShop.Web 
2022-06-28 19:56:34.0978|0|DEBUG|DrinkShop.Web.Program|init main 
2022-06-28 19:56:35.9285|0|INFO|Microsoft.Hosting.Lifetime|Application started. Press Ctrl+C to shut down. 
2022-06-28 19:56:35.9312|0|INFO|Microsoft.Hosting.Lifetime|Hosting environment: Development 
2022-06-28 19:56:35.9312|0|INFO|Microsoft.Hosting.Lifetime|Content root path: C:\Users\Gjorge\Desktop\DrinkShopApplication\DrinkShop.Web 
2022-06-28 19:59:48.8376|0|DEBUG|DrinkShop.Web.Program|init main 
2022-06-28 19:59:51.5792|0|INFO|Microsoft.Hosting.Lifetime|Application started. Press Ctrl+C to shut down. 
2022-06-28 19:59:51.5792|0|INFO|Microsoft.Hosting.Lifetime|Hosting environment: Development 
2022-06-28 19:59:51.5883|0|INFO|Microsoft.Hosting.Lifetime|Content root path: C:\Users\Gjorge\Desktop\DrinkShopApplication\DrinkShop.Web 
2022-06-28 20:00:18.4572|0|DEBUG|DrinkShop.Web.Program|init main 
2022-06-28 20:00:20.7524|0|INFO|Microsoft.Hosting.Lifetime|Application started. Press Ctrl+C to shut down. 
2022-06-28 20:00:20.7524|0|INFO|Microsoft.Hosting.Lifetime|Hosting environment: Development 
2022-06-28 20:00:20.7616|0|INFO|Microsoft.Hosting.Lifetime|Content root path: C:\Users\Gjorge\Desktop\DrinkShopApplication\DrinkShop.Web 
2022-06-28 20:02:19.3467|0|DEBUG|DrinkShop.Web.Program|init main 
2022-06-28 20:02:21.2313|0|INFO|Microsoft.Hosting.Lifetime|Application started. Press Ctrl+C to shut down. 
2022-06-28 20:02:21.2313|0|INFO|Microsoft.Hosting.Lifetime|Hosting environment: Development 
2022-06-28 20:02:21.2313|0|INFO|Microsoft.Hosting.Lifetime|Content root path: C:\Users\Gjorge\Desktop\DrinkShopApplication\DrinkShop.Web 
